<?xml version="1.0" encoding="UTF-8"?>
<!-- Generated by org.testng.reporters.JUnitXMLReporter -->
<testsuite hostname="NIRANJAN" ignored="0" name="Default test" tests="3" failures="0" timestamp="15 Jul 2019 10:59:08 GMT" time="29.801" errors="0">
  <testcase name="LinkText" time="0.17" classname="com.testng.Priority"/>
  <testcase name="getTitle" time="0.027" classname="com.testng.Priority"/>
  <testcase name="getUrl" time="0.023" classname="com.testng.Priority"/>
</testsuite> <!-- Default test -->
