<?xml version="1.0" encoding="UTF-8"?>
<!-- Generated by org.testng.reporters.JUnitXMLReporter -->
<testsuite hostname="NIRANJAN" ignored="0" name="Test" tests="13" failures="0" timestamp="17 Jul 2019 14:55:19 GMT" time="0.971" errors="0">
  <testcase name="@BeforeTest setUp" time="0.214" classname="com.testng.BrowserSettings">
    <failure type="java.lang.IllegalStateException" message="The driver executable does not exist: H:\Seleniumconcets\TestNG\.\browsers\chromedriver.exe">
      <![CDATA[java.lang.IllegalStateException: The driver executable does not exist: H:\Seleniumconcets\TestNG\.\browsers\chromedriver.exe
at com.google.common.base.Preconditions.checkState(Preconditions.java:585)
at org.openqa.selenium.remote.service.DriverService.checkExecutable(DriverService.java:146)
at org.openqa.selenium.remote.service.DriverService.findExecutable(DriverService.java:141)
at org.openqa.selenium.chrome.ChromeDriverService.access$000(ChromeDriverService.java:35)
at org.openqa.selenium.chrome.ChromeDriverService$Builder.findDefaultExecutable(ChromeDriverService.java:159)
at org.openqa.selenium.remote.service.DriverService$Builder.build(DriverService.java:355)
at org.openqa.selenium.chrome.ChromeDriverService.createDefaultService(ChromeDriverService.java:94)
at org.openqa.selenium.chrome.ChromeDriver.<init>(ChromeDriver.java:157)
at com.testng.BrowserSettings.setUp(BrowserSettings.java:32)
... Removed 24 stack frames]]>
    </failure>
  </testcase> <!-- @BeforeTest setUp -->
  <testcase name="@BeforeTest Login" time="0.0" classname="com.testng.TestAnnotations">
    <skipped/>
  </testcase> <!-- @BeforeTest Login -->
  <testcase name="@BeforeClass launchBrowser" time="0.0" classname="com.testng.TestAnnotations">
    <skipped/>
  </testcase> <!-- @BeforeClass launchBrowser -->
  <testcase name="@BeforeMethod enterUrl" time="0.0" classname="com.testng.TestAnnotations">
    <skipped/>
  </testcase> <!-- @BeforeMethod enterUrl -->
  <testcase name="@AfterMethod logout" time="0.0" classname="com.testng.TestAnnotations">
    <skipped/>
  </testcase> <!-- @AfterMethod logout -->
  <testcase name="@BeforeMethod enterUrl" time="0.0" classname="com.testng.TestAnnotations">
    <skipped/>
  </testcase> <!-- @BeforeMethod enterUrl -->
  <testcase name="@AfterMethod logout" time="0.0" classname="com.testng.TestAnnotations">
    <skipped/>
  </testcase> <!-- @AfterMethod logout -->
  <testcase name="@AfterClass closebrowser" time="0.0" classname="com.testng.TestAnnotations">
    <skipped/>
  </testcase> <!-- @AfterClass closebrowser -->
  <testcase name="@BeforeMethod Testngasics" time="0.0" classname="com.testng.Priority">
    <skipped/>
  </testcase> <!-- @BeforeMethod Testngasics -->
  <testcase name="@AfterMethod close" time="0.0" classname="com.testng.Priority">
    <skipped/>
  </testcase> <!-- @AfterMethod close -->
  <testcase name="@BeforeMethod Testngasics" time="0.0" classname="com.testng.Priority">
    <skipped/>
  </testcase> <!-- @BeforeMethod Testngasics -->
  <testcase name="@AfterMethod close" time="0.0" classname="com.testng.Priority">
    <skipped/>
  </testcase> <!-- @AfterMethod close -->
  <testcase name="@BeforeMethod Testngasics" time="0.0" classname="com.testng.Priority">
    <skipped/>
  </testcase> <!-- @BeforeMethod Testngasics -->
  <testcase name="@AfterMethod close" time="0.0" classname="com.testng.Priority">
    <skipped/>
  </testcase> <!-- @AfterMethod close -->
  <testcase name="@AfterMethod teatDown" time="0.0" classname="com.testng.BrowserSettings">
    <skipped/>
  </testcase> <!-- @AfterMethod teatDown -->
  <testcase name="@AfterMethod teatDown" time="0.0" classname="com.testng.BrowserSettings">
    <skipped/>
  </testcase> <!-- @AfterMethod teatDown -->
  <testcase name="@AfterMethod teatDown" time="0.0" classname="com.testng.BrowserSettings">
    <skipped/>
  </testcase> <!-- @AfterMethod teatDown -->
  <testcase name="@AfterMethod teatDown" time="0.0" classname="com.testng.BrowserSettings">
    <skipped/>
  </testcase> <!-- @AfterMethod teatDown -->
  <testcase name="@AfterMethod teatDown" time="0.0" classname="com.testng.BrowserSettings">
    <skipped/>
  </testcase> <!-- @AfterMethod teatDown -->
  <testcase name="@AfterMethod teatDown" time="0.0" classname="com.testng.BrowserSettings">
    <skipped/>
  </testcase> <!-- @AfterMethod teatDown -->
  <testcase name="@AfterMethod teatDown" time="0.0" classname="com.testng.BrowserSettings">
    <skipped/>
  </testcase> <!-- @AfterMethod teatDown -->
  <testcase name="@BeforeMethod launchBrowser" time="0.0" classname="com.testng.DependnsOn">
    <skipped/>
  </testcase> <!-- @BeforeMethod launchBrowser -->
  <testcase name="@AfterMethod closeBrowser" time="0.0" classname="com.testng.DependnsOn">
    <skipped/>
  </testcase> <!-- @AfterMethod closeBrowser -->
  <testcase name="@AfterTest ClearCokkies" time="0.0" classname="com.testng.TestAnnotations">
    <skipped/>
  </testcase> <!-- @AfterTest ClearCokkies -->
  <testcase name="Homepage" time="0.0" classname="com.testng.TestAnnotations">
    <skipped/>
  </testcase> <!-- Homepage -->
  <testcase name="Loginpage" time="0.0" classname="com.testng.TestAnnotations">
    <skipped/>
  </testcase> <!-- Loginpage -->
  <testcase name="LinkText" time="0.0" classname="com.testng.Priority">
    <skipped/>
  </testcase> <!-- LinkText -->
  <testcase name="getTitle" time="0.0" classname="com.testng.Priority">
    <skipped/>
  </testcase> <!-- getTitle -->
  <testcase name="getUrl" time="0.0" classname="com.testng.Priority">
    <skipped/>
  </testcase> <!-- getUrl -->
  <testcase name="Xpathmethod" time="0.0" classname="com.testng.BrowserSettings">
    <skipped/>
  </testcase> <!-- Xpathmethod -->
  <testcase name="dynamicxpath" time="0.0" classname="com.testng.BrowserSettings">
    <skipped/>
  </testcase> <!-- dynamicxpath -->
  <testcase name="getmethod" time="0.0" classname="com.testng.BrowserSettings">
    <skipped/>
  </testcase> <!-- getmethod -->
  <testcase name="getpositionmethod" time="0.0" classname="com.testng.BrowserSettings">
    <skipped/>
  </testcase> <!-- getpositionmethod -->
  <testcase name="getsizemethod" time="0.0" classname="com.testng.BrowserSettings">
    <skipped/>
  </testcase> <!-- getsizemethod -->
  <testcase name="navigationmethod" time="0.0" classname="com.testng.BrowserSettings">
    <skipped/>
  </testcase> <!-- navigationmethod -->
  <testcase name="windowmethod" time="0.0" classname="com.testng.BrowserSettings">
    <skipped/>
  </testcase> <!-- windowmethod -->
  <testcase name="dropDown1" time="0.0" classname="com.testng.DependnsOn">
    <skipped/>
  </testcase> <!-- dropDown1 -->
</testsuite> <!-- Test -->
