<?xml version="1.0" encoding="UTF-8"?>
<testng-results skipped="0" failed="0" ignored="0" total="3" passed="3">
  <reporter-output>
  </reporter-output>
  <suite name="Default suite" duration-ms="29801" started-at="2019-07-15T10:58:38Z" finished-at="2019-07-15T10:59:08Z">
    <groups>
    </groups>
    <test name="Default test" duration-ms="29801" started-at="2019-07-15T10:58:38Z" finished-at="2019-07-15T10:59:08Z">
      <class name="com.testng.Priority">
        <test-method status="PASS" signature="Testngasics()[pri:0, instance:com.testng.Priority@475530b9]" name="Testngasics" is-config="true" duration-ms="9559" started-at="2019-07-15T10:58:38Z" finished-at="2019-07-15T10:58:47Z">
          <reporter-output>
          </reporter-output>
        </test-method> <!-- Testngasics -->
        <test-method status="PASS" signature="LinkText()[pri:0, instance:com.testng.Priority@475530b9]" name="LinkText" duration-ms="170" started-at="2019-07-15T10:58:47Z" finished-at="2019-07-15T10:58:48Z">
          <reporter-output>
          </reporter-output>
        </test-method> <!-- LinkText -->
        <test-method status="PASS" signature="close()[pri:0, instance:com.testng.Priority@475530b9]" name="close" is-config="true" duration-ms="2111" started-at="2019-07-15T10:58:48Z" finished-at="2019-07-15T10:58:50Z">
          <reporter-output>
          </reporter-output>
        </test-method> <!-- close -->
        <test-method status="PASS" signature="Testngasics()[pri:0, instance:com.testng.Priority@475530b9]" name="Testngasics" is-config="true" duration-ms="6442" started-at="2019-07-15T10:58:50Z" finished-at="2019-07-15T10:58:56Z">
          <reporter-output>
          </reporter-output>
        </test-method> <!-- Testngasics -->
        <test-method status="PASS" signature="getTitle()[pri:0, instance:com.testng.Priority@475530b9]" name="getTitle" duration-ms="27" started-at="2019-07-15T10:58:56Z" finished-at="2019-07-15T10:58:56Z">
          <reporter-output>
          </reporter-output>
        </test-method> <!-- getTitle -->
        <test-method status="PASS" signature="close()[pri:0, instance:com.testng.Priority@475530b9]" name="close" is-config="true" duration-ms="2148" started-at="2019-07-15T10:58:56Z" finished-at="2019-07-15T10:58:58Z">
          <reporter-output>
          </reporter-output>
        </test-method> <!-- close -->
        <test-method status="PASS" signature="Testngasics()[pri:0, instance:com.testng.Priority@475530b9]" name="Testngasics" is-config="true" duration-ms="7086" started-at="2019-07-15T10:58:58Z" finished-at="2019-07-15T10:59:05Z">
          <reporter-output>
          </reporter-output>
        </test-method> <!-- Testngasics -->
        <test-method status="PASS" signature="getUrl()[pri:0, instance:com.testng.Priority@475530b9]" name="getUrl" duration-ms="23" started-at="2019-07-15T10:59:05Z" finished-at="2019-07-15T10:59:05Z">
          <reporter-output>
          </reporter-output>
        </test-method> <!-- getUrl -->
        <test-method status="PASS" signature="close()[pri:0, instance:com.testng.Priority@475530b9]" name="close" is-config="true" duration-ms="2125" started-at="2019-07-15T10:59:05Z" finished-at="2019-07-15T10:59:08Z">
          <reporter-output>
          </reporter-output>
        </test-method> <!-- close -->
      </class> <!-- com.testng.Priority -->
    </test> <!-- Default test -->
  </suite> <!-- Default suite -->
</testng-results>
